The system is: Windows - 10.0.19043 - AMD64
Compiling the C compiler identification source file "CMakeCCompilerId.c" succeeded.
Compiler: F:/C++/1/VC/Tools/MSVC/14.29.30133/bin/Hostx86/x86/cl.exe 
Build flags: 
Id flags:  

The output was:
0
Microsoft (R) C/C++ Optimizing Compiler Version 19.29.30141 for x86
Copyright (C) Microsoft Corporation.  All rights reserved.

CMakeCCompilerId.c
Microsoft (R) Incremental Linker Version 14.29.30141.0
Copyright (C) Microsoft Corporation.  All rights reserved.

/out:CMakeCCompilerId.exe 
CMakeCCompilerId.obj 


Compilation of the C compiler identification source "CMakeCCompilerId.c" produced "CMakeCCompilerId.exe"

Compilation of the C compiler identification source "CMakeCCompilerId.c" produced "CMakeCCompilerId.obj"

The C compiler identification is MSVC, found in "F:/C++/Projects/ADSLab_2_1/cmake-build-debug/CMakeFiles/3.22.3/CompilerIdC/CMakeCCompilerId.exe"

Compiling the CXX compiler identification source file "CMakeCXXCompilerId.cpp" succeeded.
Compiler: F:/C++/1/VC/Tools/MSVC/14.29.30133/bin/Hostx86/x86/cl.exe 
Build flags: 
Id flags:  

The output was:
0
Microsoft (R) C/C++ Optimizing Compiler Version 19.29.30141 for x86
Copyright (C) Microsoft Corporation.  All rights reserved.

CMakeCXXCompilerId.cpp
Microsoft (R) Incremental Linker Version 14.29.30141.0
Copyright (C) Microsoft Corporation.  All rights reserved.

/out:CMakeCXXCompilerId.exe 
CMakeCXXCompilerId.obj 


Compilation of the CXX compiler identification source "CMakeCXXCompilerId.cpp" produced "CMakeCXXCompilerId.exe"

Compilation of the CXX compiler identification source "CMakeCXXCompilerId.cpp" produced "CMakeCXXCompilerId.obj"

The CXX compiler identification is MSVC, found in "F:/C++/Projects/ADSLab_2_1/cmake-build-debug/CMakeFiles/3.22.3/CompilerIdCXX/CMakeCXXCompilerId.exe"

Detecting C compiler ABI info compiled with the following output:
Change Dir: F:/C++/Projects/ADSLab_2_1/cmake-build-debug/CMakeFiles/CMakeTmp

Run Build Command(s):F:/C/CLion 2021.2.2/bin/ninja/win/ninja.exe cmTC_fea92 && [1/2] Building C object CMakeFiles\cmTC_fea92.dir\CMakeCCompilerABI.c.obj
[2/2] Linking C executable cmTC_fea92.exe



Detecting CXX compiler ABI info compiled with the following output:
Change Dir: F:/C++/Projects/ADSLab_2_1/cmake-build-debug/CMakeFiles/CMakeTmp

Run Build Command(s):F:/C/CLion 2021.2.2/bin/ninja/win/ninja.exe cmTC_e104b && [1/2] Building CXX object CMakeFiles\cmTC_e104b.dir\CMakeCXXCompilerABI.cpp.obj
[2/2] Linking CXX executable cmTC_e104b.exe



The system is: Windows - 10.0.19043 - AMD64
Compiling the C compiler identification source file "CMakeCCompilerId.c" succeeded.
Compiler: F:/C++/1/VC/Tools/MSVC/14.29.30133/bin/Hostx86/x86/cl.exe 
Build flags: /DWIN32;/D_WINDOWS
Id flags:  

The output was:
0
Microsoft (R) C/C++ Optimizing Compiler Version 19.29.30141 for x86
Copyright (C) Microsoft Corporation.  All rights reserved.

CMakeCCompilerId.c
Microsoft (R) Incremental Linker Version 14.29.30141.0
Copyright (C) Microsoft Corporation.  All rights reserved.

/out:CMakeCCompilerId.exe 
CMakeCCompilerId.obj 


Compilation of the C compiler identification source "CMakeCCompilerId.c" produced "CMakeCCompilerId.exe"

Compilation of the C compiler identification source "CMakeCCompilerId.c" produced "CMakeCCompilerId.obj"

The C compiler identification is MSVC, found in "F:/C++/Projects/ADSLab_2_1/cmake-build-debug/CMakeFiles/3.23.2/CompilerIdC/CMakeCCompilerId.exe"

Compiling the CXX compiler identification source file "CMakeCXXCompilerId.cpp" succeeded.
Compiler: F:/C++/1/VC/Tools/MSVC/14.29.30133/bin/Hostx86/x86/cl.exe 
Build flags: /DWIN32;/D_WINDOWS;/EHsc
Id flags:  

The output was:
0
Microsoft (R) C/C++ Optimizing Compiler Version 19.29.30141 for x86
Copyright (C) Microsoft Corporation.  All rights reserved.

CMakeCXXCompilerId.cpp
Microsoft (R) Incremental Linker Version 14.29.30141.0
Copyright (C) Microsoft Corporation.  All rights reserved.

/out:CMakeCXXCompilerId.exe 
CMakeCXXCompilerId.obj 


Compilation of the CXX compiler identification source "CMakeCXXCompilerId.cpp" produced "CMakeCXXCompilerId.exe"

Compilation of the CXX compiler identification source "CMakeCXXCompilerId.cpp" produced "CMakeCXXCompilerId.obj"

The CXX compiler identification is MSVC, found in "F:/C++/Projects/ADSLab_2_1/cmake-build-debug/CMakeFiles/3.23.2/CompilerIdCXX/CMakeCXXCompilerId.exe"

Detecting C compiler ABI info compiled with the following output:
Change Dir: F:/C++/Projects/ADSLab_2_1/cmake-build-debug/CMakeFiles/CMakeTmp

Run Build Command(s):F:/C/CLion 2021.2.2/bin/ninja/win/ninja.exe cmTC_bf2e8 && [1/2] Building C object CMakeFiles\cmTC_bf2e8.dir\CMakeCCompilerABI.c.obj
[2/2] Linking C executable cmTC_bf2e8.exe



Detecting CXX compiler ABI info compiled with the following output:
Change Dir: F:/C++/Projects/ADSLab_2_1/cmake-build-debug/CMakeFiles/CMakeTmp

Run Build Command(s):F:/C/CLion 2021.2.2/bin/ninja/win/ninja.exe cmTC_1d8e6 && [1/2] Building CXX object CMakeFiles\cmTC_1d8e6.dir\CMakeCXXCompilerABI.cpp.obj
[2/2] Linking CXX executable cmTC_1d8e6.exe



